<?xml version="1.0" encoding="UTF-8"?>
<testsuite name="com.tricentis.demowebshop.DemoWebShopRestTests" tests="5" skipped="0" failures="0" errors="0" timestamp="2023-01-29T17:02:30" hostname="DESKTOP-KI4MSLG" time="7.348">
  <properties/>
  <testcase name="successLoginTest()" classname="com.tricentis.demowebshop.DemoWebShopRestTests" time="2.572"/>
  <testcase name="addGiftCardInCartTest()" classname="com.tricentis.demowebshop.DemoWebShopRestTests" time="1.288"/>
  <testcase name="updateGiftCardDataTest()" classname="com.tricentis.demowebshop.DemoWebShopRestTests" time="1.371"/>
  <testcase name="editProfile()" classname="com.tricentis.demowebshop.DemoWebShopRestTests" time="0.587"/>
  <testcase name="successRegistration()" classname="com.tricentis.demowebshop.DemoWebShopRestTests" time="1.381"/>
  <system-out><![CDATA[]]></system-out>
  <system-err><![CDATA[]]></system-err>
</testsuite>
